<?xml version="1.0" encoding="UTF-8"?>
<!-- Generated by org.testng.reporters.JUnitReportReporter -->
<testsuite hostname="DESKTOP-07NO8AP" failures="0" tests="1" name="com.automation.testcases.ContactusTestPage" time="21.548" errors="0" timestamp="2023-09-20T14:44:23 IST" skipped="0">
  <testcase classname="com.automation.testcases.ContactusTestPage" name="ContactUS" time="21.548"/>
  <system-out/>
</testsuite> <!-- com.automation.testcases.ContactusTestPage -->
