<?xml version="1.0" encoding="UTF-8"?>
<!-- Generated by org.testng.reporters.JUnitReportReporter -->
<testsuite hostname="DESKTOP-07NO8AP" failures="0" tests="1" name="com.automation.testcases.TestcasesTestPage" time="11.050" errors="0" timestamp="2023-09-20T15:18:06 IST" skipped="0">
  <testcase classname="com.automation.testcases.TestcasesTestPage" name="tc07_testcases" time="11.050"/>
  <system-out/>
</testsuite> <!-- com.automation.testcases.TestcasesTestPage -->
