<?xml version="1.0" encoding="UTF-8"?>
<!-- Generated by org.testng.reporters.JUnitReportReporter -->
<testsuite hostname="DESKTOP-07NO8AP" failures="0" tests="1" name="com.automation.testcases.CartTestPage" time="12.000" errors="0" timestamp="2023-09-27T17:07:53 IST" skipped="0">
  <testcase classname="com.automation.testcases.CartTestPage" name="tc11_VerifySubscriptioninCart" time="12.000"/>
  <system-out/>
</testsuite> <!-- com.automation.testcases.CartTestPage -->
