<?xml version="1.0" encoding="UTF-8"?>
<!-- Generated by org.testng.reporters.JUnitReportReporter -->
<testsuite hostname="DESKTOP-07NO8AP" failures="0" tests="2" name="com.automation.testcases.SignupPageTest" time="37.276" errors="0" timestamp="2023-09-27T17:43:37 IST" skipped="0">
  <testcase classname="com.automation.testcases.SignupPageTest" name="tc1_new_Register_User" time="23.800"/>
  <system-out/>
  <testcase classname="com.automation.testcases.SignupPageTest" name="tc5_existing_Register_User" time="13.476"/>
  <system-out/>
</testsuite> <!-- com.automation.testcases.SignupPageTest -->
